<?xml version="1.0" encoding="UTF-8"?>
<testng-results ignored="0" total="2" passed="2" failed="0" skipped="0">
  <reporter-output>
  </reporter-output>
  <suite started-at="2021-09-20T16:58:31 IST" name="Default suite" finished-at="2021-09-20T17:00:29 IST" duration-ms="118866">
    <groups>
    </groups>
    <test started-at="2021-09-20T16:58:31 IST" name="Default test" finished-at="2021-09-20T17:00:29 IST" duration-ms="118866">
      <class name="com.irctcflightsearchautomation.test.searchtest">
        <test-method signature="testone()[pri:0, instance:com.irctcflightsearchautomation.test.searchtest@1df8da7a]" started-at="2021-09-20T16:58:31 IST" name="testone" finished-at="2021-09-20T16:59:22 IST" duration-ms="51514" status="PASS">
          <reporter-output>
          </reporter-output>
        </test-method> <!-- testone -->
        <test-method signature="testtwo()[pri:0, instance:com.irctcflightsearchautomation.test.searchtest@1df8da7a]" started-at="2021-09-20T16:59:22 IST" name="testtwo" finished-at="2021-09-20T17:00:27 IST" duration-ms="64887" status="PASS">
          <reporter-output>
          </reporter-output>
        </test-method> <!-- testtwo -->
        <test-method is-config="true" signature="endReport()[pri:0, instance:com.irctcflightsearchautomation.test.searchtest@1df8da7a]" started-at="2021-09-20T17:00:27 IST" name="endReport" finished-at="2021-09-20T17:00:29 IST" duration-ms="2383" status="PASS">
          <reporter-output>
          </reporter-output>
        </test-method> <!-- endReport -->
      </class> <!-- com.irctcflightsearchautomation.test.searchtest -->
    </test> <!-- Default test -->
  </suite> <!-- Default suite -->
</testng-results>
